{"/home/tales/workspace/node-api/src/app.ts": {"path":"/home/tales/workspace/node-api/src/app.ts","statementMap":{"0":{"start":{"line":6,"column":13},"end":{"line":6,"column":28}},"1":{"start":{"line":8,"column":0},"end":{"line":13,"column":null}},"2":{"start":{"line":10,"column":4},"end":{"line":12,"column":null}},"3":{"start":{"line":15,"column":0},"end":{"line":15,"column":null}},"4":{"start":{"line":16,"column":0},"end":{"line":16,"column":null}}},"fnMap":{"0":{"name":"(anonymous_0)","decl":{"start":{"line":8,"column":18},"end":{"line":8,"column":25}},"loc":{"start":{"line":8,"column":43},"end":{"line":13,"column":null}},"line":8}},"branchMap":{},"s":{"0":2,"1":2,"2":0,"3":2,"4":2},"f":{"0":0},"b":{},"meta":{"lastBranch":0,"lastFunction":1,"lastStatement":5,"seen":{"s:6:13:6:28":0,"s:8:0:13:Infinity":1,"f:8:18:8:25":0,"s:10:4:12:Infinity":2,"s:15:0:15:Infinity":3,"s:16:0:16:Infinity":4}}}
,"/home/tales/workspace/node-api/src/database.ts": {"path":"/home/tales/workspace/node-api/src/database.ts","statementMap":{"0":{"start":{"line":4,"column":13},"end":{"line":15,"column":2}}},"fnMap":{},"branchMap":{},"s":{"0":2},"f":{},"b":{},"meta":{"lastBranch":0,"lastFunction":0,"lastStatement":1,"seen":{"s:4:13:15:2":0}}}
,"/home/tales/workspace/node-api/src/env/index.ts": {"path":"/home/tales/workspace/node-api/src/env/index.ts","statementMap":{"0":{"start":{"line":4,"column":18},"end":{"line":7,"column":2}},"1":{"start":{"line":9,"column":13},"end":{"line":9,"column":45}},"2":{"start":{"line":10,"column":0},"end":{"line":12,"column":null}},"3":{"start":{"line":11,"column":4},"end":{"line":11,"column":null}},"4":{"start":{"line":12,"column":4},"end":{"line":12,"column":null}},"5":{"start":{"line":15,"column":19},"end":{"line":15,"column":null}}},"fnMap":{},"branchMap":{"0":{"loc":{"start":{"line":10,"column":0},"end":{"line":12,"column":null}},"type":"if","locations":[{"start":{"line":10,"column":0},"end":{"line":12,"column":null}},{"start":{},"end":{}}],"line":10}},"s":{"0":2,"1":2,"2":2,"3":0,"4":0,"5":2},"f":{},"b":{"0":[0,2]},"meta":{"lastBranch":1,"lastFunction":0,"lastStatement":6,"seen":{"s:4:18:7:2":0,"s:9:13:9:45":1,"b:10:0:12:Infinity:undefined:undefined:undefined:undefined":0,"s:10:0:12:Infinity":2,"s:11:4:11:Infinity":3,"s:12:4:12:Infinity":4,"s:15:19:15:Infinity":5}}}
,"/home/tales/workspace/node-api/src/routes/home.routes.ts": {"path":"/home/tales/workspace/node-api/src/routes/home.routes.ts","statementMap":{"0":{"start":{"line":4,"column":4},"end":{"line":8,"column":null}},"1":{"start":{"line":5,"column":8},"end":{"line":7,"column":null}}},"fnMap":{"0":{"name":"pluginHomeRoutes","decl":{"start":{"line":3,"column":22},"end":{"line":3,"column":40}},"loc":{"start":{"line":3,"column":63},"end":{"line":8,"column":null}},"line":3},"1":{"name":"(anonymous_1)","decl":{"start":{"line":4,"column":17},"end":{"line":4,"column":24}},"loc":{"start":{"line":4,"column":42},"end":{"line":8,"column":null}},"line":4}},"branchMap":{},"s":{"0":2,"1":1},"f":{"0":2,"1":1},"b":{},"meta":{"lastBranch":0,"lastFunction":2,"lastStatement":2,"seen":{"f:3:22:3:40":0,"s:4:4:8:Infinity":0,"f:4:17:4:24":1,"s:5:8:7:Infinity":1}}}
,"/home/tales/workspace/node-api/src/routes/projetos.routes.ts": {"path":"/home/tales/workspace/node-api/src/routes/projetos.routes.ts","statementMap":{"0":{"start":{"line":4,"column":4},"end":{"line":8,"column":null}},"1":{"start":{"line":5,"column":8},"end":{"line":7,"column":null}}},"fnMap":{"0":{"name":"pluginProjectRoutes","decl":{"start":{"line":3,"column":22},"end":{"line":3,"column":43}},"loc":{"start":{"line":3,"column":66},"end":{"line":8,"column":null}},"line":3},"1":{"name":"(anonymous_1)","decl":{"start":{"line":4,"column":17},"end":{"line":4,"column":24}},"loc":{"start":{"line":4,"column":42},"end":{"line":8,"column":null}},"line":4}},"branchMap":{},"s":{"0":2,"1":1},"f":{"0":2,"1":1},"b":{},"meta":{"lastBranch":0,"lastFunction":2,"lastStatement":2,"seen":{"f:3:22:3:43":0,"s:4:4:8:Infinity":0,"f:4:17:4:24":1,"s:5:8:7:Infinity":1}}}
}
